This is pdfTeX, Version 3.141592653-2.6-1.40.26 (MiKTeX 24.3) (preloaded format=pdflatex 2024.3.11)  1 MAY 2024 16:49
entering extended mode
 restricted \write18 enabled.
 %&-line parsing enabled.
**"./B√°o C√°o.tex"
(B√°o C√°o.tex
LaTeX2e <2023-11-01> patch level 1
L3 programming layer <2024-02-20>
(E:\basic miktex\tex/latex/base\article.cls
Document Class: article 2023/05/17 v1.4n Standard LaTeX document class
(E:\basic miktex\tex/latex/base\size10.clo
File: size10.clo 2023/05/17 v1.4n Standard LaTeX file (size option)
)
\c@part=\count188
\c@section=\count189
\c@subsection=\count190
\c@subsubsection=\count191
\c@paragraph=\count192
\c@subparagraph=\count193
\c@figure=\count194
\c@table=\count195
\abovecaptionskip=\skip48
\belowcaptionskip=\skip49
\bibindent=\dimen140
)
(E:\basic miktex\tex/latex/geometry\geometry.sty
Package: geometry 2020/01/02 v5.9 Page Geometry

(E:\basic miktex\tex/latex/graphics\keyval.sty
Package: keyval 2022/05/29 v1.15 key=value parser (DPC)
\KV@toks@=\toks17
)
(E:\basic miktex\tex/generic/iftex\ifvtex.sty
Package: ifvtex 2019/10/25 v1.7 ifvtex legacy package. Use iftex instead.

(E:\basic miktex\tex/generic/iftex\iftex.sty
Package: iftex 2022/02/03 v1.0f TeX engine tests
))
\Gm@cnth=\count196
\Gm@cntv=\count197
\c@Gm@tempcnt=\count198
\Gm@bindingoffset=\dimen141
\Gm@wd@mp=\dimen142
\Gm@odd@mp=\dimen143
\Gm@even@mp=\dimen144
\Gm@layoutwidth=\dimen145
\Gm@layoutheight=\dimen146
\Gm@layouthoffset=\dimen147
\Gm@layoutvoffset=\dimen148
\Gm@dimlist=\toks18

(E:\basic miktex\tex/latex/geometry\geometry.cfg))
(E:\basic miktex\tex/latex/vntex\vietnam.sty
Package: vietnam 2009/07/12 v1.3 support for Vietnamese

(E:\basic miktex\tex/latex/base\ifthen.sty
Package: ifthen 2022/04/13 v1.1d Standard LaTeX ifthen package (DPC)
)
(E:\basic miktex\tex/latex/base\fontenc.sty
Package: fontenc 2021/04/29 v2.0v Standard LaTeX package

(E:\basic miktex\tex/latex/vntex\t5enc.def
File: t5enc.def 2006/11/21 v1.4 Vietnamese T5 encoding
Now handling font encoding T5 ...
... processing UTF-8 mapping file for font encoding T5

(E:\basic miktex\tex/latex/vntex\t5enc.dfu
File: t5enc.dfu 2006/08/19 v1.1 UTF8 support for Vietnamese
   defining Unicode char U+00AB (decimal 171)
   defining Unicode char U+00BB (decimal 187)
   defining Unicode char U+00C0 (decimal 192)
   defining Unicode char U+00C1 (decimal 193)
   defining Unicode char U+00C2 (decimal 194)
   defining Unicode char U+00C3 (decimal 195)
   defining Unicode char U+00C8 (decimal 200)
   defining Unicode char U+00C9 (decimal 201)
   defining Unicode char U+00CA (decimal 202)
   defining Unicode char U+00CC (decimal 204)
   defining Unicode char U+00CD (decimal 205)
   defining Unicode char U+00D2 (decimal 210)
   defining Unicode char U+00D3 (decimal 211)
   defining Unicode char U+00D4 (decimal 212)
   defining Unicode char U+00D5 (decimal 213)
   defining Unicode char U+00D9 (decimal 217)
   defining Unicode char U+00DA (decimal 218)
   defining Unicode char U+00DD (decimal 221)
   defining Unicode char U+00E0 (decimal 224)
   defining Unicode char U+00E1 (decimal 225)
   defining Unicode char U+00E2 (decimal 226)
   defining Unicode char U+00E3 (decimal 227)
   defining Unicode char U+00E8 (decimal 232)
   defining Unicode char U+00E9 (decimal 233)
   defining Unicode char U+00EA (decimal 234)
   defining Unicode char U+00EC (decimal 236)
   defining Unicode char U+00ED (decimal 237)
   defining Unicode char U+00F2 (decimal 242)
   defining Unicode char U+00F3 (decimal 243)
   defining Unicode char U+00F4 (decimal 244)
   defining Unicode char U+00F5 (decimal 245)
   defining Unicode char U+00F9 (decimal 249)
   defining Unicode char U+00FA (decimal 250)
   defining Unicode char U+00FD (decimal 253)
   defining Unicode char U+0102 (decimal 258)
   defining Unicode char U+0103 (decimal 259)
   defining Unicode char U+0110 (decimal 272)
   defining Unicode char U+0111 (decimal 273)
   defining Unicode char U+0128 (decimal 296)
   defining Unicode char U+0129 (decimal 297)
   defining Unicode char U+0131 (decimal 305)
   defining Unicode char U+0168 (decimal 360)
   defining Unicode char U+0169 (decimal 361)
   defining Unicode char U+01A0 (decimal 416)
   defining Unicode char U+01A1 (decimal 417)
   defining Unicode char U+01AF (decimal 431)
   defining Unicode char U+01B0 (decimal 432)
   defining Unicode char U+1EA0 (decimal 7840)
   defining Unicode char U+1EA1 (decimal 7841)
   defining Unicode char U+1EA2 (decimal 7842)
   defining Unicode char U+1EA3 (decimal 7843)
   defining Unicode char U+1EA4 (decimal 7844)
   defining Unicode char U+1EA5 (decimal 7845)
   defining Unicode char U+1EA6 (decimal 7846)
   defining Unicode char U+1EA7 (decimal 7847)
   defining Unicode char U+1EA8 (decimal 7848)
   defining Unicode char U+1EA9 (decimal 7849)
   defining Unicode char U+1EAA (decimal 7850)
   defining Unicode char U+1EAB (decimal 7851)
   defining Unicode char U+1EAC (decimal 7852)
   defining Unicode char U+1EAD (decimal 7853)
   defining Unicode char U+1EAE (decimal 7854)
   defining Unicode char U+1EAF (decimal 7855)
   defining Unicode char U+1EB0 (decimal 7856)
   defining Unicode char U+1EB1 (decimal 7857)
   defining Unicode char U+1EB2 (decimal 7858)
   defining Unicode char U+1EB3 (decimal 7859)
   defining Unicode char U+1EB4 (decimal 7860)
   defining Unicode char U+1EB5 (decimal 7861)
   defining Unicode char U+1EB6 (decimal 7862)
   defining Unicode char U+1EB7 (decimal 7863)
   defining Unicode char U+1EB8 (decimal 7864)
   defining Unicode char U+1EB9 (decimal 7865)
   defining Unicode char U+1EBA (decimal 7866)
   defining Unicode char U+1EBB (decimal 7867)
   defining Unicode char U+1EBC (decimal 7868)
   defining Unicode char U+1EBD (decimal 7869)
   defining Unicode char U+1EBE (decimal 7870)
   defining Unicode char U+1EBF (decimal 7871)
   defining Unicode char U+1EC0 (decimal 7872)
   defining Unicode char U+1EC1 (decimal 7873)
   defining Unicode char U+1EC2 (decimal 7874)
   defining Unicode char U+1EC3 (decimal 7875)
   defining Unicode char U+1EC4 (decimal 7876)
   defining Unicode char U+1EC5 (decimal 7877)
   defining Unicode char U+1EC6 (decimal 7878)
   defining Unicode char U+1EC7 (decimal 7879)
   defining Unicode char U+1EC8 (decimal 7880)
   defining Unicode char U+1EC9 (decimal 7881)
   defining Unicode char U+1ECA (decimal 7882)
   defining Unicode char U+1ECB (decimal 7883)
   defining Unicode char U+1ECC (decimal 7884)
   defining Unicode char U+1ECD (decimal 7885)
   defining Unicode char U+1ECE (decimal 7886)
   defining Unicode char U+1ECF (decimal 7887)
   defining Unicode char U+1ED0 (decimal 7888)
   defining Unicode char U+1ED1 (decimal 7889)
   defining Unicode char U+1ED2 (decimal 7890)
   defining Unicode char U+1ED3 (decimal 7891)
   defining Unicode char U+1ED4 (decimal 7892)
   defining Unicode char U+1ED5 (decimal 7893)
   defining Unicode char U+1ED6 (decimal 7894)
   defining Unicode char U+1ED7 (decimal 7895)
   defining Unicode char U+1ED8 (decimal 7896)
   defining Unicode char U+1ED9 (decimal 7897)
   defining Unicode char U+1EDA (decimal 7898)
   defining Unicode char U+1EDB (decimal 7899)
   defining Unicode char U+1EDC (decimal 7900)
   defining Unicode char U+1EDD (decimal 7901)
   defining Unicode char U+1EDE (decimal 7902)
   defining Unicode char U+1EDF (decimal 7903)
   defining Unicode char U+1EE0 (decimal 7904)
   defining Unicode char U+1EE1 (decimal 7905)
   defining Unicode char U+1EE2 (decimal 7906)
   defining Unicode char U+1EE3 (decimal 7907)
   defining Unicode char U+1EE4 (decimal 7908)
   defining Unicode char U+1EE5 (decimal 7909)
   defining Unicode char U+1EE6 (decimal 7910)
   defining Unicode char U+1EE7 (decimal 7911)
   defining Unicode char U+1EE8 (decimal 7912)
   defining Unicode char U+1EE9 (decimal 7913)
   defining Unicode char U+1EEA (decimal 7914)
   defining Unicode char U+1EEB (decimal 7915)
   defining Unicode char U+1EEC (decimal 7916)
   defining Unicode char U+1EED (decimal 7917)
   defining Unicode char U+1EEE (decimal 7918)
   defining Unicode char U+1EEF (decimal 7919)
   defining Unicode char U+1EF0 (decimal 7920)
   defining Unicode char U+1EF1 (decimal 7921)
   defining Unicode char U+1EF2 (decimal 7922)
   defining Unicode char U+1EF3 (decimal 7923)
   defining Unicode char U+1EF4 (decimal 7924)
   defining Unicode char U+1EF5 (decimal 7925)
   defining Unicode char U+1EF6 (decimal 7926)
   defining Unicode char U+1EF7 (decimal 7927)
   defining Unicode char U+1EF8 (decimal 7928)
   defining Unicode char U+1EF9 (decimal 7929)
   defining Unicode char U+200C (decimal 8204)
   defining Unicode char U+2013 (decimal 8211)
   defining Unicode char U+2014 (decimal 8212)
   defining Unicode char U+2018 (decimal 8216)
   defining Unicode char U+2019 (decimal 8217)
   defining Unicode char U+201A (decimal 8218)
   defining Unicode char U+201C (decimal 8220)
   defining Unicode char U+201D (decimal 8221)
   defining Unicode char U+201E (decimal 8222)
   defining Unicode char U+2030 (decimal 8240)
   defining Unicode char U+2031 (decimal 8241)
   defining Unicode char U+2039 (decimal 8249)
   defining Unicode char U+203A (decimal 8250)
   defining Unicode char U+2423 (decimal 9251)
))
LaTeX Font Info:    Trying to load font information for T5+cmr on input line 11
2.

(E:\basic miktex\tex/latex/vntex\t5cmr.fd
File: t5cmr.fd 1999/05/25 v2.5h Standard LaTeX font definitions
))
(E:\basic miktex\tex/latex/base\inputenc.sty
Package: inputenc 2021/02/14 v1.3d Input encoding file
\inpenc@prehook=\toks19
\inpenc@posthook=\toks20
)
(E:\basic miktex\tex/latex/vntex\vncaps.tex
File: vncaps.tex 2006/06/07 v1.1 Captions in Vietnamese
))
(E:\basic miktex\tex/latex/amsfonts\amssymb.sty
Package: amssymb 2013/01/14 v3.01 AMS font symbols

(E:\basic miktex\tex/latex/amsfonts\amsfonts.sty
Package: amsfonts 2013/01/14 v3.01 Basic AMSFonts support
\@emptytoks=\toks21
\symAMSa=\mathgroup4
\symAMSb=\mathgroup5
LaTeX Font Info:    Redeclaring math symbol \hbar on input line 98.
LaTeX Font Info:    Overwriting math alphabet `\mathfrak' in version `bold'
(Font)                  U/euf/m/n --> U/euf/b/n on input line 106.
))
(E:\basic miktex\tex/latex/graphics\graphicx.sty
Package: graphicx 2021/09/16 v1.2d Enhanced LaTeX Graphics (DPC,SPQR)

(E:\basic miktex\tex/latex/graphics\graphics.sty
Package: graphics 2022/03/10 v1.4e Standard LaTeX Graphics (DPC,SPQR)

(E:\basic miktex\tex/latex/graphics\trig.sty
Package: trig 2021/08/11 v1.11 sin cos tan (DPC)
)
(E:\basic miktex\tex/latex/graphics-cfg\graphics.cfg
File: graphics.cfg 2016/06/04 v1.11 sample graphics configuration
)
Package graphics Info: Driver file: pdftex.def on input line 107.

(E:\basic miktex\tex/latex/graphics-def\pdftex.def
File: pdftex.def 2022/09/22 v1.2b Graphics/color driver for pdftex
))
\Gin@req@height=\dimen149
\Gin@req@width=\dimen150
)
(E:\basic miktex\tex/latex/url\url.sty
\Urlmuskip=\muskip16
Package: url 2013/09/16  ver 3.4  Verb mode for urls, etc.
)
(E:\basic miktex\tex/latex/l3backend\l3backend-pdftex.def
File: l3backend-pdftex.def 2024-02-20 L3 backend support: PDF output (pdfTeX)
\l__color_backend_stack_int=\count199
\l__pdf_internal_box=\box51
)

LaTeX Warning: Unused global option(s):
    [14pt].

(B√°o C√°o.aux

LaTeX Warning: Label `fig:mylabel' multiply defined.


LaTeX Warning: Label `fig:mylabel' multiply defined.


LaTeX Warning: Label `fig:mylabel' multiply defined.


LaTeX Warning: Label `fig:mylabel' multiply defined.


LaTeX Warning: Label `fig:mylabel' multiply defined.


LaTeX Warning: Label `fig:mylabel' multiply defined.


LaTeX Warning: Label `fig:mylabel' multiply defined.


LaTeX Warning: Label `fig:mylabel' multiply defined.


LaTeX Warning: Label `fig:mylabel' multiply defined.


LaTeX Warning: Label `fig:mylabel' multiply defined.


LaTeX Warning: Label `fig:mylabel' multiply defined.


LaTeX Warning: Label `fig:mylabel' multiply defined.


LaTeX Warning: Label `fig:mylabel' multiply defined.


LaTeX Warning: Label `fig:mylabel' multiply defined.


LaTeX Warning: Label `fig:mylabel' multiply defined.


LaTeX Warning: Label `fig:mylabel' multiply defined.


LaTeX Warning: Label `fig:mylabel' multiply defined.


LaTeX Warning: Label `fig:mylabel' multiply defined.


LaTeX Warning: Label `fig:mylabel' multiply defined.


LaTeX Warning: Label `fig:mylabel' multiply defined.


LaTeX Warning: Label `fig:mylabel' multiply defined.


LaTeX Warning: Label `fig:mylabel' multiply defined.


LaTeX Warning: Label `fig:mylabel' multiply defined.


LaTeX Warning: Label `fig:mylabel' multiply defined.


LaTeX Warning: Label `fig:mylabel' multiply defined.


LaTeX Warning: Label `fig:mylabel' multiply defined.


LaTeX Warning: Label `fig:mylabel' multiply defined.


LaTeX Warning: Label `fig:mylabel' multiply defined.


LaTeX Warning: Label `fig:mylabel' multiply defined.


LaTeX Warning: Label `fig:mylabel' multiply defined.


LaTeX Warning: Label `fig:mylabel' multiply defined.


LaTeX Warning: Label `fig:mylabel' multiply defined.


LaTeX Warning: Label `fig:mylabel' multiply defined.


LaTeX Warning: Label `fig:mylabel' multiply defined.


LaTeX Warning: Label `fig:mylabel' multiply defined.


LaTeX Warning: Label `fig:mylabel' multiply defined.


LaTeX Warning: Label `fig:mylabel' multiply defined.


LaTeX Warning: Label `fig:mylabel' multiply defined.


LaTeX Warning: Label `fig:mylabel' multiply defined.


LaTeX Warning: Label `fig:mylabel' multiply defined.


LaTeX Warning: Label `fig:mylabel' multiply defined.


LaTeX Warning: Label `fig:mylabel' multiply defined.


LaTeX Warning: Label `fig:mylabel' multiply defined.


LaTeX Warning: Label `fig:mylabel' multiply defined.


LaTeX Warning: Label `fig:mylabel' multiply defined.


LaTeX Warning: Label `fig:mylabel' multiply defined.


LaTeX Warning: Label `fig:mylabel' multiply defined.


LaTeX Warning: Label `fig:mylabel' multiply defined.


LaTeX Warning: Label `fig:mylabel' multiply defined.


LaTeX Warning: Label `fig:mylabel' multiply defined.


LaTeX Warning: Label `fig:mylabel' multiply defined.


LaTeX Warning: Label `fig:mylabel' multiply defined.


LaTeX Warning: Label `fig:mylabel' multiply defined.


LaTeX Warning: Label `fig:mylabel' multiply defined.


LaTeX Warning: Label `fig:mylabel' multiply defined.


LaTeX Warning: Label `fig:mylabel' multiply defined.


LaTeX Warning: Label `fig:mylabel' multiply defined.

)
\openout1 = `"B√°o C√°o.aux"'.

LaTeX Font Info:    Checking defaults for OML/cmm/m/it on input line 9.
LaTeX Font Info:    ... okay on input line 9.
LaTeX Font Info:    Checking defaults for OMS/cmsy/m/n on input line 9.
LaTeX Font Info:    ... okay on input line 9.
LaTeX Font Info:    Checking defaults for OT1/cmr/m/n on input line 9.
LaTeX Font Info:    ... okay on input line 9.
LaTeX Font Info:    Checking defaults for T1/cmr/m/n on input line 9.
LaTeX Font Info:    ... okay on input line 9.
LaTeX Font Info:    Checking defaults for TS1/cmr/m/n on input line 9.
LaTeX Font Info:    ... okay on input line 9.
LaTeX Font Info:    Checking defaults for OMX/cmex/m/n on input line 9.
LaTeX Font Info:    ... okay on input line 9.
LaTeX Font Info:    Checking defaults for U/cmr/m/n on input line 9.
LaTeX Font Info:    ... okay on input line 9.
LaTeX Font Info:    Checking defaults for T5/cmr/m/n on input line 9.
LaTeX Font Info:    ... okay on input line 9.

*geometry* driver: auto-detecting
*geometry* detected driver: pdftex
*geometry* verbose mode - [ preamble ] result:
* driver: pdftex
* paper: <default>
* layout: <same size as paper>
* layoutoffset:(h,v)=(0.0pt,0.0pt)
* modes: 
* h-part:(L,W,R)=(71.13188pt, 486.25761pt, 56.9055pt)
* v-part:(T,H,B)=(56.9055pt, 681.15898pt, 56.9055pt)
* \paperwidth=614.295pt
* \paperheight=794.96999pt
* \textwidth=486.25761pt
* \textheight=681.15898pt
* \oddsidemargin=-1.1381pt
* \evensidemargin=-1.1381pt
* \topmargin=-52.36449pt
* \headheight=12.0pt
* \headsep=25.0pt
* \topskip=10.0pt
* \footskip=30.0pt
* \marginparwidth=65.0pt
* \marginparsep=11.0pt
* \columnsep=10.0pt
* \skip\footins=9.0pt plus 4.0pt minus 2.0pt
* \hoffset=0.0pt
* \voffset=0.0pt
* \mag=1000
* \@twocolumnfalse
* \@twosidefalse
* \@mparswitchfalse
* \@reversemarginfalse
* (1in=72.27pt=25.4mm, 1cm=28.453pt)

(E:\basic miktex\tex/context/base/mkii\supp-pdf.mkii
[Loading MPS to PDF converter (version 2006.09.02).]
\scratchcounter=\count266
\scratchdimen=\dimen151
\scratchbox=\box52
\nofMPsegments=\count267
\nofMParguments=\count268
\everyMPshowfont=\toks22
\MPscratchCnt=\count269
\MPscratchDim=\dimen152
\MPnumerator=\count270
\makeMPintoPDFobject=\count271
\everyMPtoPDFconversion=\toks23
) (E:\basic miktex\tex/latex/epstopdf-pkg\epstopdf-base.sty
Package: epstopdf-base 2020-01-24 v2.11 Base part for package epstopdf
Package epstopdf-base Info: Redefining graphics rule for `.eps' on input line 4
85.

(E:\basic miktex\tex/latex/00miktex\epstopdf-sys.cfg
File: epstopdf-sys.cfg 2021/03/18 v2.0 Configuration of epstopdf for MiKTeX
)) (B√°o C√°o.toc
LaTeX Font Info:    Trying to load font information for U+msa on input line 2.

(E:\basic miktex\tex/latex/amsfonts\umsa.fd
File: umsa.fd 2013/01/14 v3.01 AMS symbols A
)
LaTeX Font Info:    Trying to load font information for U+msb on input line 2.

(E:\basic miktex\tex/latex/amsfonts\umsb.fd
File: umsb.fd 2013/01/14 v3.01 AMS symbols B
))
\tf@toc=\write3
\openout3 = `"B√°o C√°o.toc"'.

 [1

{C:/Users/nguye/AppData/Local/MiKTeX/fonts/map/pdftex/pdftex.map}] [2] [3] [4]
<./Image/IconGA.png, id=18, 684.30656pt x 685.8122pt>
File: ./Image/IconGA.png Graphic file (type png)
<use ./Image/IconGA.png>
Package pdftex.def Info: ./Image/IconGA.png  used on input line 77.
(pdftex.def)             Requested size: 243.1288pt x 243.65863pt.
<./Image/IconGACover.png, id=20, 673.01437pt x 164.11313pt>
File: ./Image/IconGACover.png Graphic file (type png)
<use ./Image/IconGACover.png>
Package pdftex.def Info: ./Image/IconGACover.png  used on input line 100.
(pdftex.def)             Requested size: 486.25761pt x 118.57454pt.


LaTeX Warning: `h' float specifier changed to `ht'.

[5 <./Image/IconGA.png>]
<./Image/So_Do_Khoi_GA.jpg, id=25, 283.0575pt x 511.15968pt>
File: ./Image/So_Do_Khoi_GA.jpg Graphic file (type jpg)
<use ./Image/So_Do_Khoi_GA.jpg>
Package pdftex.def Info: ./Image/So_Do_Khoi_GA.jpg  used on input line 140.
(pdftex.def)             Requested size: 243.1288pt x 439.06616pt.
<./Image/M√£ gi·∫£ GA.png, id=26, 510.40688pt x 161.85469pt>
File: ./Image/M√£ gi·∫£ GA.png Graphic file (type png)
<use ./Image/M√£ gi·∫£ GA.png>
Package pdftex.def Info: ./Image/M√£ gi·∫£ GA.png  used on input line 147.
(pdftex.def)             Requested size: 486.25761pt x 154.20561pt.
 [6 <./Image/IconGACover.png>] [7 <./Image/So_Do_Khoi_GA.jpg> <./Image/M√£ gi·∫
£ GA.png>]
LaTeX Font Info:    Trying to load font information for T5+cmtt on input line 1
83.
 (E:\basic miktex\tex/latex/vntex\t5cmtt.fd
File: t5cmtt.fd 1999/05/25 v2.5h Standard LaTeX font definitions
)
<./Image/step1.png, id=37, 613.29124pt x 558.085pt>
File: ./Image/step1.png Graphic file (type png)
<use ./Image/step1.png>
Package pdftex.def Info: ./Image/step1.png  used on input line 195.
(pdftex.def)             Requested size: 291.75752pt x 265.49336pt.
<./Image/step2.png, id=38, 704.6325pt x 333.245pt>
File: ./Image/step2.png Graphic file (type png)
<use ./Image/step2.png>
Package pdftex.def Info: ./Image/step2.png  used on input line 201.
(pdftex.def)             Requested size: 340.37885pt x 160.97783pt.
<./Image/step3.png, id=39, 567.11874pt x 636.3775pt>
File: ./Image/step3.png Graphic file (type png)
<use ./Image/step3.png>
Package pdftex.def Info: ./Image/step3.png  used on input line 207.
(pdftex.def)             Requested size: 291.75752pt x 327.39336pt.
<./Image/step4.png, id=40, 673.51625pt x 575.14874pt>
File: ./Image/step4.png Graphic file (type png)
<use ./Image/step4.png>
Package pdftex.def Info: ./Image/step4.png  used on input line 213.
(pdftex.def)             Requested size: 145.87875pt x 124.56728pt.
<./Image/step5.png, id=41, 666.49pt x 556.0775pt>
File: ./Image/step5.png Graphic file (type png)
<use ./Image/step5.png>
Package pdftex.def Info: ./Image/step5.png  used on input line 214.
(pdftex.def)             Requested size: 148.30501pt x 123.72897pt.
<./Image/step6.png, id=42, 667.49374pt x 545.03625pt>
File: ./Image/step6.png Graphic file (type png)
<use ./Image/step6.png>
Package pdftex.def Info: ./Image/step6.png  used on input line 215.
(pdftex.def)             Requested size: 150.73866pt x 123.08527pt.
<./Image/step7.png, id=43, 574.145pt x 520.94624pt>
File: ./Image/step7.png Graphic file (type png)
<use ./Image/step7.png>
Package pdftex.def Info: ./Image/step7.png  used on input line 221.
(pdftex.def)             Requested size: 291.75752pt x 264.72519pt.

[8] [9 <./Image/step1.png> <./Image/step2.png>] [10 <./Image/step3.png> <./Imag
e/step4.png> <./Image/step5.png> <./Image/step6.png>]
<./Image/s∆° ƒë·ªì kh·ªëi SSGA.png, id=64, 684.30656pt x 654.19406pt>
File: ./Image/s∆° ƒë·ªì kh·ªëi SSGA.png Graphic file (type png)
<use ./Image/s∆° ƒë·ªì kh·ªëi SSGA.png>
Package pdftex.def Info: ./Image/s∆° ƒë·ªì kh·ªëi SSGA.png  used on input line 
236.
(pdftex.def)             Requested size: 340.37885pt x 325.40923pt.
 [11 <./Image/step7.png>]
[12 <./Image/s∆° ƒë·ªì kh·ªëi SSGA.png>]
<./Image/S∆° ƒë·ªì kh·ªëi Elitist Genetic Algorithm.png, id=73, 535.2497pt x 66
4.73344pt>
File: ./Image/S∆° ƒë·ªì kh·ªëi Elitist Genetic Algorithm.png Graphic file (type
 png)
<use ./Image/S∆° ƒë·ªì kh·ªëi Elitist Genetic Algorithm.png>
Package pdftex.def Info: ./Image/S∆° ƒë·ªì kh·ªëi Elitist Genetic Algorithm.png
  used on input line 249.
(pdftex.def)             Requested size: 340.37885pt x 422.74007pt.
 [13 <./Image/S∆° ƒë·ªì kh·ªëi Elitist Genetic Algorithm.png>]
<./Image/S∆° ƒë·ªì kh·ªëi Multi-Objective Genetic Algorithms.png, id=79, 399.74
344pt x 602.25pt>
File: ./Image/S∆° ƒë·ªì kh·ªëi Multi-Objective Genetic Algorithms.png Graphic f
ile (type png)
<use ./Image/S∆° ƒë·ªì kh·ªëi Multi-Objective Genetic Algorithms.png>
Package pdftex.def Info: ./Image/S∆° ƒë·ªì kh·ªëi Multi-Objective Genetic Algor
ithms.png  used on input line 261.
(pdftex.def)             Requested size: 243.1288pt x 366.29678pt.
 [14 <./Image/S∆° ƒë·ªì kh·ªëi Multi-Objective Genetic Algorithms.png>]
<./Image/S∆° ƒë·ªì kh·ªëi Adaptive Genetic Algorithms.png, id=84, 542.77782pt x
 478.78876pt>
File: ./Image/S∆° ƒë·ªì kh·ªëi Adaptive Genetic Algorithms.png Graphic file (ty
pe png)
<use ./Image/S∆° ƒë·ªì kh·ªëi Adaptive Genetic Algorithms.png>
Package pdftex.def Info: ./Image/S∆° ƒë·ªì kh·ªëi Adaptive Genetic Algorithms.p
ng  used on input line 274.
(pdftex.def)             Requested size: 486.25761pt x 428.94797pt.
 [15 <./Image/S∆° ƒë·ªì kh·ªëi Adaptive Genetic Algorithms.png>]
<./Image/S∆° ƒë·ªì kh·ªëi Hybrid Genetic Algorithms.png, id=89, 358.4592pt x 18
2.1204pt>
File: ./Image/S∆° ƒë·ªì kh·ªëi Hybrid Genetic Algorithms.png Graphic file (type
 png)
<use ./Image/S∆° ƒë·ªì kh·ªëi Hybrid Genetic Algorithms.png>
Package pdftex.def Info: ./Image/S∆° ƒë·ªì kh·ªëi Hybrid Genetic Algorithms.png
  used on input line 288.
(pdftex.def)             Requested size: 340.37885pt x 172.94391pt.
<./Image/S∆° ƒë·ªì kh·ªëi Parallel Genetic Algorithms.png, id=90, 958.3303pt x 
333.49594pt>
File: ./Image/S∆° ƒë·ªì kh·ªëi Parallel Genetic Algorithms.png Graphic file (ty
pe png)
<use ./Image/S∆° ƒë·ªì kh·ªëi Parallel Genetic Algorithms.png>
Package pdftex.def Info: ./Image/S∆° ƒë·ªì kh·ªëi Parallel Genetic Algorithms.p
ng  used on input line 301.
(pdftex.def)             Requested size: 340.37885pt x 118.4504pt.
[16 <./Image/S∆° ƒë·ªì kh·ªëi Hybrid Genetic Algorithms.png> <./Image/S∆° ƒë·ªì
 kh·ªëi Parallel Genetic Algorithms.png>]
<./Image/S∆° ƒë·ªì kh·ªëi Real-Coded Genetic Algorithms.png, id=95, 515.67656pt
 x 515.67656pt>
File: ./Image/S∆° ƒë·ªì kh·ªëi Real-Coded Genetic Algorithms.png Graphic file (
type png)
<use ./Image/S∆° ƒë·ªì kh·ªëi Real-Coded Genetic Algorithms.png>
Package pdftex.def Info: ./Image/S∆° ƒë·ªì kh·ªëi Real-Coded Genetic Algorithms
.png  used on input line 315.
(pdftex.def)             Requested size: 340.37885pt x 340.38692pt.
 [17 <./Image/S∆° ƒë·ªì kh·ªëi Real-Coded Genetic Algorithms.png>]
<./Image/S∆° ƒë·ªì kh·ªëi Constraint-Handling Techniques in GA.png, id=100, 315
.42844pt x 567.62062pt>
File: ./Image/S∆° ƒë·ªì kh·ªëi Constraint-Handling Techniques in GA.png Graphic
 file (type png)
<use ./Image/S∆° ƒë·ªì kh·ªëi Constraint-Handling Techniques in GA.png>
Package pdftex.def Info: ./Image/S∆° ƒë·ªì kh·ªëi Constraint-Handling Technique
s in GA.png  used on input line 329.
(pdftex.def)             Requested size: 243.1288pt x 437.51959pt.
 [18 <./Image/S∆° ƒë·ªì kh·ªëi Constraint-Handling Techniques in GA.png>]
<./Image/IconACO.png, id=105, 685.05937pt x 683.55376pt>
File: ./Image/IconACO.png Graphic file (type png)
<use ./Image/IconACO.png>
Package pdftex.def Info: ./Image/IconACO.png  used on input line 339.
(pdftex.def)             Requested size: 194.50008pt x 194.0743pt.
<./Image/IconACO_Cover.png, id=106, 408.77719pt x 205.5178pt>
File: ./Image/IconACO_Cover.png Graphic file (type png)
<use ./Image/IconACO_Cover.png>
Package pdftex.def Info: ./Image/IconACO_Cover.png  used on input line 360.
(pdftex.def)             Requested size: 486.25761pt x 244.48769pt.
 [19 <./Image/IconACO.png>]
<./Image/S∆° ƒë·ªì kh·ªëi ACO.png, id=112, 528.47438pt x 585.68813pt>
File: ./Image/S∆° ƒë·ªì kh·ªëi ACO.png Graphic file (type png)
<use ./Image/S∆° ƒë·ªì kh·ªëi ACO.png>
Package pdftex.def Info: ./Image/S∆° ƒë·ªì kh·ªëi ACO.png  used on input line 3
93.
(pdftex.def)             Requested size: 243.1288pt x 269.44661pt.
<./Image/M√£ gi·∫£ ACO.png, id=113, 936.49875pt x 393.72093pt>
File: ./Image/M√£ gi·∫£ ACO.png Graphic file (type png)
<use ./Image/M√£ gi·∫£ ACO.png>
Package pdftex.def Info: ./Image/M√£ gi·∫£ ACO.png  used on input line 400.
(pdftex.def)             Requested size: 486.25761pt x 204.43567pt.
 [20 <./Image/IconACO_Cover.png>] [21 <./Image/S∆° ƒë·ªì kh·ªëi ACO.png> <./Ima
ge/M√£ gi·∫£ ACO.png>]
<./Image/S∆° ƒë·ªì ƒë∆∞·ªùng ƒëi v√≠ d·ª•.png, id=123, 717.43031pt x 400.49625p
t>
File: ./Image/S∆° ƒë·ªì ƒë∆∞·ªùng ƒëi v√≠ d·ª•.png Graphic file (type png)
<use ./Image/S∆° ƒë·ªì ƒë∆∞·ªùng ƒëi v√≠ d·ª•.png>
Package pdftex.def Info: ./Image/S∆° ƒë·ªì ƒë∆∞·ªùng ƒëi v√≠ d·ª•.png  used on 
input line 452.
(pdftex.def)             Requested size: 486.25761pt x 271.45384pt.

[22] [23 <./Image/S∆° ƒë·ªì ƒë∆∞·ªùng ƒëi v√≠ d·ª•.png>]

LaTeX Warning: Command \j invalid in math mode on input line 471.


LaTeX Warning: Command \j invalid in math mode on input line 471.

[24]
<./Image/M√¥ h√¨nh Max-Min Ant System.png, id=137, 843.15pt x 375.65344pt>
File: ./Image/M√¥ h√¨nh Max-Min Ant System.png Graphic file (type png)
<use ./Image/M√¥ h√¨nh Max-Min Ant System.png>
Package pdftex.def Info: ./Image/M√¥ h√¨nh Max-Min Ant System.png  used on inpu
t line 519.
(pdftex.def)             Requested size: 486.25761pt x 216.64676pt.
 [25 <./Image/M√¥ h√¨nh Max-Min Ant System.png>]
<./Image/M√¥ h√¨nh Rank-based Ant System.png, id=143, 481.8pt x 705.38531pt>
File: ./Image/M√¥ h√¨nh Rank-based Ant System.png Graphic file (type png)
<use ./Image/M√¥ h√¨nh Rank-based Ant System.png>
Package pdftex.def Info: ./Image/M√¥ h√¨nh Rank-based Ant System.png  used on i
nput line 537.
(pdftex.def)             Requested size: 243.1288pt x 355.95306pt.
 [26 <./Image/M√¥ h√¨nh Rank-based Ant System.png>]
<./Image/H√†m kh·ªüi t·∫°o th√†nh ph·ªë v√† kho·∫£ng c√°ch.png, id=148, 770.88p
t x 194.22563pt>
File: ./Image/H√†m kh·ªüi t·∫°o th√†nh ph·ªë v√† kho·∫£ng c√°ch.png Graphic fil
e (type png)
<use ./Image/H√†m kh·ªüi t·∫°o th√†nh ph·ªë v√† kho·∫£ng c√°ch.png>
Package pdftex.def Info: ./Image/H√†m kh·ªüi t·∫°o th√†nh ph·ªë v√† kho·∫£ng c√
°ch.png  used on input line 578.
(pdftex.def)             Requested size: 486.25761pt x 122.51393pt.
 [27 <./Image/H√†m kh·ªüi t·∫°o th√†nh ph·ªë v√† kho·∫£ng c√°ch.png>]
<./Image/H√†m kh·ªüi t·∫°o GA.png, id=153, 505.89pt x 99.37125pt>
File: ./Image/H√†m kh·ªüi t·∫°o GA.png Graphic file (type png)
<use ./Image/H√†m kh·ªüi t·∫°o GA.png>
Package pdftex.def Info: ./Image/H√†m kh·ªüi t·∫°o GA.png  used on input line 5
88.
(pdftex.def)             Requested size: 486.25761pt x 95.5166pt.
<./Image/H√†m th√≠ch nghi GA.png, id=154, 782.17218pt x 60.97781pt>
File: ./Image/H√†m th√≠ch nghi GA.png Graphic file (type png)
<use ./Image/H√†m th√≠ch nghi GA.png>
Package pdftex.def Info: ./Image/H√†m th√≠ch nghi GA.png  used on input line 59
4.
(pdftex.def)             Requested size: 486.25761pt x 37.90819pt.
<./Image/H√†m ch·ªçn GA.png, id=155, 423.08063pt x 70.01157pt>
File: ./Image/H√†m ch·ªçn GA.png Graphic file (type png)
<use ./Image/H√†m ch·ªçn GA.png>
Package pdftex.def Info: ./Image/H√†m ch·ªçn GA.png  used on input line 600.
(pdftex.def)             Requested size: 486.25761pt x 80.46886pt.
<./Image/H√†m lai ch√©o GA.png, id=156, 544.28343pt x 378.66469pt>
File: ./Image/H√†m lai ch√©o GA.png Graphic file (type png)
<use ./Image/H√†m lai ch√©o GA.png>
Package pdftex.def Info: ./Image/H√†m lai ch√©o GA.png  used on input line 606.

(pdftex.def)             Requested size: 486.25761pt x 338.29321pt.
<./Image/H√†m ƒë·ªôt bi·∫øn GA.png, id=157, 476.53032pt x 137.01187pt>
File: ./Image/H√†m ƒë·ªôt bi·∫øn GA.png Graphic file (type png)
<use ./Image/H√†m ƒë·ªôt bi·∫øn GA.png>
Package pdftex.def Info: ./Image/H√†m ƒë·ªôt bi·∫øn GA.png  used on input line 
612.
(pdftex.def)             Requested size: 486.25761pt x 139.81715pt.
<./Image/H√†m kh·ªüi ch·∫°y GA.png, id=158, 612.78937pt x 187.45032pt>
File: ./Image/H√†m kh·ªüi ch·∫°y GA.png Graphic file (type png)
<use ./Image/H√†m kh·ªüi ch·∫°y GA.png>
Package pdftex.def Info: ./Image/H√†m kh·ªüi ch·∫°y GA.png  used on input line 
618.
(pdftex.def)             Requested size: 486.25761pt x 148.74483pt.
 [28 <./Image/H√†m kh·ªüi t·∫°o GA.png> <./Image/H√†m th√≠ch nghi GA.png> <./Im
age/H√†m ch·ªçn GA.png>] [29 <./Image/H√†m lai ch√©o GA.png> <./Image/H√†m ƒë·ª
ôt bi·∫øn GA.png>]
<./Image/GA 10 city.png, id=170, 365.11406pt x 281.55188pt>
File: ./Image/GA 10 city.png Graphic file (type png)
<use ./Image/GA 10 city.png>
Package pdftex.def Info: ./Image/GA 10 city.png  used on input line 633.
(pdftex.def)             Requested size: 340.37885pt x 262.48924pt.
 [30 <./Image/H√†m kh·ªüi ch·∫°y GA.png> <./Image/GA 10 city.png>]
<./Image/population_size_50.png, id=176, 809.27344pt x 530.73282pt>
File: ./Image/population_size_50.png Graphic file (type png)
<use ./Image/population_size_50.png>
Package pdftex.def Info: ./Image/population_size_50.png  used on input line 642
.
(pdftex.def)             Requested size: 486.25761pt x 318.89565pt.
<./Image/population_size_100.png, id=177, 820.56563pt x 529.98pt>
File: ./Image/population_size_100.png Graphic file (type png)
<use ./Image/population_size_100.png>
Package pdftex.def Info: ./Image/population_size_100.png  used on input line 64
8.
(pdftex.def)             Requested size: 389.00757pt x 251.24171pt.
<./Image/population_size_200.png, id=178, 819.06pt x 526.21594pt>
File: ./Image/population_size_200.png Graphic file (type png)
<use ./Image/population_size_200.png>
Package pdftex.def Info: ./Image/population_size_200.png  used on input line 65
4.
(pdftex.def)             Requested size: 389.00757pt x 249.93108pt.
 [31 <./Image/population_size_50.png>] [32 <./Image/population_size_100.png> <.
/Image/population_size_200.png>]
<./Image/H√†m kh·ªüi t·∫°o ACO.png, id=189, 786.68906pt x 431.36156pt>
File: ./Image/H√†m kh·ªüi t·∫°o ACO.png Graphic file (type png)
<use ./Image/H√†m kh·ªüi t·∫°o ACO.png>
Package pdftex.def Info: ./Image/H√†m kh·ªüi t·∫°o ACO.png  used on input line 
665.
(pdftex.def)             Requested size: 486.25761pt x 266.6318pt.
<./Image/H√†m c·∫≠p nh·∫≠t pheromone ACO.png, id=190, 686.565pt x 165.61874pt>
File: ./Image/H√†m c·∫≠p nh·∫≠t pheromone ACO.png Graphic file (type png)
<use ./Image/H√†m c·∫≠p nh·∫≠t pheromone ACO.png>
Package pdftex.def Info: ./Image/H√†m c·∫≠p nh·∫≠t pheromone ACO.png  used on i
nput line 671.
(pdftex.def)             Requested size: 486.25761pt x 117.29697pt.
<./Image/H√†m l∆∞u l·∫°i ƒë∆∞·ªùng ƒëi ACO.png, id=191, 622.57594pt x 365.11406
pt>
File: ./Image/H√†m l∆∞u l·∫°i ƒë∆∞·ªùng ƒëi ACO.png Graphic file (type png)
<use ./Image/H√†m l∆∞u l·∫°i ƒë∆∞·ªùng ƒëi ACO.png>
Package pdftex.def Info: ./Image/H√†m l∆∞u l·∫°i ƒë∆∞·ªùng ƒëi ACO.png  used on
 input line 677.
(pdftex.def)             Requested size: 486.25761pt x 285.17223pt.
<./Image/H√†m ki·∫øn di chuy·ªÉn ACO.png, id=192, 680.5425pt x 410.2828pt>
File: ./Image/H√†m ki·∫øn di chuy·ªÉn ACO.png Graphic file (type png)
<use ./Image/H√†m ki·∫øn di chuy·ªÉn ACO.png>
Package pdftex.def Info: ./Image/H√†m ki·∫øn di chuy·ªÉn ACO.png  used on input
 line 683.
(pdftex.def)             Requested size: 486.25761pt x 293.1559pt.
<./Image/H√†m sinh ra t·∫•t c·∫£ c√°c ƒë∆∞·ªùng ACO.png, id=193, 557.83406pt x 
249.18094pt>
File: ./Image/H√†m sinh ra t·∫•t c·∫£ c√°c ƒë∆∞·ªùng ACO.png Graphic file (type
 png)
<use ./Image/H√†m sinh ra t·∫•t c·∫£ c√°c ƒë∆∞·ªùng ACO.png>
Package pdftex.def Info: ./Image/H√†m sinh ra t·∫•t c·∫£ c√°c ƒë∆∞·ªùng ACO.png
  used on input line 689.
(pdftex.def)             Requested size: 486.25761pt x 217.2153pt.
<./Image/H√†m t√≠nh qu√£ng ƒë∆∞·ªùng ACO.png, id=194, 348.55219pt x 79.04532pt>

File: ./Image/H√†m t√≠nh qu√£ng ƒë∆∞·ªùng ACO.png Graphic file (type png)
<use ./Image/H√†m t√≠nh qu√£ng ƒë∆∞·ªùng ACO.png>
Package pdftex.def Info: ./Image/H√†m t√≠nh qu√£ng ƒë∆∞·ªùng ACO.png  used on i
nput line 695.
(pdftex.def)             Requested size: 389.00757pt x 88.22377pt.
<./Image/H√†m ch·∫°y ACO.png, id=195, 657.95813pt x 414.04688pt>
File: ./Image/H√†m ch·∫°y ACO.png Graphic file (type png)
<use ./Image/H√†m ch·∫°y ACO.png>
Package pdftex.def Info: ./Image/H√†m ch·∫°y ACO.png  used on input line 701.
(pdftex.def)             Requested size: 486.25761pt x 306.00449pt.
 [33 <./Image/H√†m kh·ªüi t·∫°o ACO.png> <./Image/H√†m c·∫≠p nh·∫≠t pheromone A
CO.png>] [34 <./Image/H√†m l∆∞u l·∫°i ƒë∆∞·ªùng ƒëi ACO.png> <./Image/H√†m ki·∫
øn di chuy·ªÉn ACO.png>]
[35 <./Image/H√†m sinh ra t·∫•t c·∫£ c√°c ƒë∆∞·ªùng ACO.png> <./Image/H√†m t√≠n
h qu√£ng ƒë∆∞·ªùng ACO.png>]
<./Image/ACO 10 city.png, id=211, 504.38437pt x 388.45125pt>
File: ./Image/ACO 10 city.png Graphic file (type png)
<use ./Image/ACO 10 city.png>
Package pdftex.def Info: ./Image/ACO 10 city.png  used on input line 716.
(pdftex.def)             Requested size: 486.25761pt x 374.49153pt.
 [36 <./Image/H√†m ch·∫°y ACO.png>] [37 <./Image/ACO 10 city.png>]
<./Image/20_part1.png, id=221, 815.29594pt x 392.96812pt>
File: ./Image/20_part1.png Graphic file (type png)
<use ./Image/20_part1.png>
Package pdftex.def Info: ./Image/20_part1.png  used on input line 726.
(pdftex.def)             Requested size: 486.25761pt x 234.37357pt.
<./Image/20_part2.png, id=222, 826.58812pt x 403.5075pt>
File: ./Image/20_part2.png Graphic file (type png)
<use ./Image/20_part2.png>
Package pdftex.def Info: ./Image/20_part2.png  used on input line 733.
(pdftex.def)             Requested size: 389.00757pt x 189.90099pt.
<./Image/20_part3.png, id=223, 831.85782pt x 392.96812pt>
File: ./Image/20_part3.png Graphic file (type png)
<use ./Image/20_part3.png>
Package pdftex.def Info: ./Image/20_part3.png  used on input line 740.
(pdftex.def)             Requested size: 486.25761pt x 229.70853pt.
<./Image/20_part4.png, id=224, 813.0375pt x 402.75468pt>
File: ./Image/20_part4.png Graphic file (type png)
<use ./Image/20_part4.png>
Package pdftex.def Info: ./Image/20_part4.png  used on input line 746.
(pdftex.def)             Requested size: 486.25761pt x 240.87418pt.
<./Image/40_part1.png, id=225, 812.28468pt x 396.7322pt>
File: ./Image/40_part1.png Graphic file (type png)
<use ./Image/40_part1.png>
Package pdftex.def Info: ./Image/40_part1.png  used on input line 752.
(pdftex.def)             Requested size: 486.25761pt x 237.49026pt.
<./Image/40_part2.png, id=226, 814.54312pt x 390.70969pt>
File: ./Image/40_part2.png Graphic file (type png)
<use ./Image/40_part2.png>
Package pdftex.def Info: ./Image/40_part2.png  used on input line 759.
(pdftex.def)             Requested size: 486.25761pt x 233.24123pt.
<./Image/40_part3.png, id=227, 804.75656pt x 392.96812pt>
File: ./Image/40_part3.png Graphic file (type png)
<use ./Image/40_part3.png>
Package pdftex.def Info: ./Image/40_part3.png  used on input line 766.
(pdftex.def)             Requested size: 486.25761pt x 237.44363pt.
<./Image/40_part4.png, id=228, 805.50937pt x 395.22656pt>
File: ./Image/40_part4.png Graphic file (type png)
<use ./Image/40_part4.png>
Package pdftex.def Info: ./Image/40_part4.png  used on input line 772.
(pdftex.def)             Requested size: 486.25761pt x 238.58511pt.
<./Image/60_part1.png, id=229, 804.75656pt x 395.22656pt>
File: ./Image/60_part1.png Graphic file (type png)
<use ./Image/60_part1.png>
Package pdftex.def Info: ./Image/60_part1.png  used on input line 778.
(pdftex.def)             Requested size: 486.25761pt x 238.80824pt.
<./Image/60_part2.png, id=230, 808.52063pt x 389.20406pt>
File: ./Image/60_part2.png Graphic file (type png)
<use ./Image/60_part2.png>
Package pdftex.def Info: ./Image/60_part2.png  used on input line 785.
(pdftex.def)             Requested size: 486.25761pt x 234.07654pt.
<./Image/60_part3.png, id=231, 816.80156pt x 388.45125pt>
File: ./Image/60_part3.png Graphic file (type png)
<use ./Image/60_part3.png>
Package pdftex.def Info: ./Image/60_part3.png  used on input line 792.
(pdftex.def)             Requested size: 486.25761pt x 231.25285pt.
<./Image/60_part4.png, id=232, 819.8128pt x 392.21532pt>
File: ./Image/60_part4.png Graphic file (type png)
<use ./Image/60_part4.png>
Package pdftex.def Info: ./Image/60_part4.png  used on input line 798.
(pdftex.def)             Requested size: 486.25761pt x 232.64386pt.
 [38 <./Image/20_part1.png> <./Image/20_part2.png>] [39 <./Image/20_part3.png> 
<./Image/20_part4.png>] [40 <./Image/40_part1.png> <./Image/40_part2.png>] [41 
<./Image/40_part3.png> <./Image/40_part4.png>] [42 <./Image/60_part1.png> <./Im
age/60_part2.png>] [43 <./Image/60_part3.png> <./Image/60_part4.png>]
<./Image/Hi·ªáu su·∫•t GA.png, id=264, 816.80156pt x 401.24907pt>
File: ./Image/Hi·ªáu su·∫•t GA.png Graphic file (type png)
<use ./Image/Hi·ªáu su·∫•t GA.png>
Package pdftex.def Info: ./Image/Hi·ªáu su·∫•t GA.png  used on input line 809.
(pdftex.def)             Requested size: 437.62888pt x 214.98143pt.
<./Image/Hi·ªáu su·∫•t ACO.png, id=265, 813.0375pt x 408.02437pt>
File: ./Image/Hi·ªáu su·∫•t ACO.png Graphic file (type png)
<use ./Image/Hi·ªáu su·∫•t ACO.png>
Package pdftex.def Info: ./Image/Hi·ªáu su·∫•t ACO.png  used on input line 815.

(pdftex.def)             Requested size: 437.62888pt x 219.62012pt.
<./Image/Hi·ªáu su·∫•t Greendy.png, id=266, 673.76718pt x 342.5297pt>
File: ./Image/Hi·ªáu su·∫•t Greendy.png Graphic file (type png)
<use ./Image/Hi·ªáu su·∫•t Greendy.png>
Package pdftex.def Info: ./Image/Hi·ªáu su·∫•t Greendy.png  used on input line 
821.
(pdftex.def)             Requested size: 437.62888pt x 222.48486pt.
 [44 <./Image/Hi·ªáu su·∫•t GA.png> <./Image/Hi·ªáu su·∫•t ACO.png>]
[45 <./Image/Hi·ªáu su·∫•t Greendy.png>] [46]
Underfull \hbox (badness 10000) in paragraph at lines 895--896
[]$\T5/cmtt/m/n/10 https : / / www . geeksforgeeks . org / project-[]idea-[]gen
etic-[]algorithms-[]for-[]graph-[]colouring / ?ref =
 []


Overfull \hbox (41.6711pt too wide) in paragraph at lines 898--899
[]$\T5/cmtt/m/n/10 https : / / www . linkedin . com / pulse / use-[]genetic-[]a
lgorithms-[]planning-[]scheduling-[]projects-[]well-[]suleiman$ 
 []


Underfull \hbox (badness 10000) in paragraph at lines 899--900
[]$\T5/cmtt/m/n/10 https : / / nerophung . github . io / 2020 / 05 / 28 / genet
ic-[]algorithm # thu % E1 % BA % ADt-[]to % C3 %
 []


Overfull \hbox (264.61726pt too wide) in paragraph at lines 900--901
[]$\T5/cmtt/m/n/10 https : / / medium . datadriveninvestor . com / genetic-[]al
gorithm-[]made-[]intuitive-[]with-[]natural-[]selection-[]and-[]python-[]projec
t-[]from-[]scratch-[]3462f7793a3f$ 
 []


Underfull \hbox (badness 10000) in paragraph at lines 901--902
[]$\T5/cmtt/m/n/10 https : / / www . youtube . com / watch ? v = fxCHAkYAjis & 
list = PLALZwazFybKKeKPXDP4EjrDLNW436xiLI &
 []


Overfull \hbox (67.91469pt too wide) in paragraph at lines 903--904
[]$\T5/cmtt/m/n/10 https : / / towardsdatascience . com / introduction-[]to-[]g
enetic-[]algorithms-[]including-[]example-[]code-[]e396e98d8bf3$ 
 []


Overfull \hbox (67.91469pt too wide) in paragraph at lines 906--907
[]$\T5/cmtt/m/n/10 https : / / towardsdatascience . com / introduction-[]to-[]g
enetic-[]algorithms-[]including-[]example-[]code-[]e396e98d8bf3$ 
 []


Underfull \hbox (badness 10000) in paragraph at lines 909--910
[]$\T5/cmtt/m/n/10 https : / / www . researchgate . net / publication / 2356832
06 _ Simultaneous _ scheduling _ of _
 []


Underfull \hbox (badness 10000) in paragraph at lines 910--911
[]$\T5/cmtt/m/n/10 https : / / 2021 . help . altair . com / 2021 / hwdesktop / 
hst / topics / design _ exploration / method _ multi _
 []


Underfull \hbox (badness 10000) in paragraph at lines 911--912
[]$\T5/cmtt/m/n/10 https : / / www . inf . unioeste . br / ~adair / MOA / Artig
os / MO / MOGA % 20-[] % 20Multiobjective % 20GA % 20-[] %
 []


Underfull \hbox (badness 10000) in paragraph at lines 912--913
[]$\T5/cmtt/m/n/10 https : / / www . researchgate . net / figure / The-[]flowch
art-[]of-[]adaptive-[]genetic-[]algorithm _ fig4 _
 []


Underfull \hbox (badness 10000) in paragraph at lines 914--915
[]$\T5/cmtt/m/n/10 https : / / www . researchgate . net / publication / 3399691
45 _ An _ OpenMP _ Parallel _ Genetic _ Algorithm _
 []


Underfull \hbox (badness 10000) in paragraph at lines 915--916
[]$\T5/cmtt/m/n/10 https : / / www . researchgate . net / publication / 4424744
3 _ Exploiting _ of _ the _ Compression _ Methods _
 []


Underfull \hbox (badness 10000) in paragraph at lines 920--921
[]$\T5/cmtt/m/n/10 https : / / www . researchgate . net / publication / 3377001
29 _ Q-[]learning _ and _ ACO _ hybridisation _ for _
 []

[47]
Underfull \hbox (badness 10000) in paragraph at lines 923--924
[]$\T5/cmtt/m/n/10 https : / / www . researchgate . net / publication / 8337732
 _ The _ Hyper-[]Cube _ Framework _ for _ Ant _
 []

[48] (B√°o C√°o.aux)
 ***********
LaTeX2e <2023-11-01> patch level 1
L3 programming layer <2024-02-20>
 ***********


LaTeX Warning: There were multiply-defined labels.

 ) 
Here is how much of TeX's memory you used:
 3742 strings out of 474436
 62770 string characters out of 5755521
 1945190 words of memory out of 5000000
 26052 multiletter control sequences out of 15000+600000
 567095 words of font info for 53 fonts, out of 8000000 for 9000
 1141 hyphenation exceptions out of 8191
 57i,7n,65p,1082b,321s stack positions out of 10000i,1000n,20000p,200000b,200000s
 <C:\Users\nguye\AppData\Local\MiKTeX\fonts/pk/ljfour/jknappen/ec/dpi600\tcrm
1000.pk><E:/basic miktex/fonts/type1/public/amsfonts/cm/cmex10.pfb><E:/basic mi
ktex/fonts/type1/public/amsfonts/cm/cmmi10.pfb><E:/basic miktex/fonts/type1/pub
lic/amsfonts/cm/cmmi7.pfb><E:/basic miktex/fonts/type1/public/amsfonts/cm/cmr10
.pfb><E:/basic miktex/fonts/type1/public/amsfonts/cm/cmr7.pfb><E:/basic miktex/
fonts/type1/public/amsfonts/cm/cmsy10.pfb><E:/basic miktex/fonts/type1/public/a
msfonts/cm/cmsy7.pfb><E:/basic miktex/fonts/type1/vntex/vnr/vnbx10.pfb><E:/basi
c miktex/fonts/type1/vntex/vnr/vnbx12.pfb><E:/basic miktex/fonts/type1/vntex/vn
r/vnr10.pfb><E:/basic miktex/fonts/type1/vntex/vnr/vnti10.pfb><E:/basic miktex/
fonts/type1/vntex/vnr/vntt10.pfb>
Output written on "B√°o C√°o.pdf" (48 pages, 5886879 bytes).
PDF statistics:
 341 PDF objects out of 1000 (max. 8388607)
 0 named destinations out of 1000 (max. 500000)
 301 words of extra memory for PDF output out of 10000 (max. 10000000)

